c:\users\zelda\projects\rogue\rogue\x64\release\vc141.pdb
c:\users\zelda\projects\rogue\rogue\x64\release\main.obj
c:\users\zelda\source\repos\rouge-rogue\rogue\x64\release\vc141.pdb
c:\users\zelda\source\repos\rouge-rogue\rogue\x64\release\main.nativecodeanalysis.xml
c:\users\zelda\source\repos\rouge-rogue\rogue\x64\release\main.obj
c:\users\zelda\source\repos\rouge-rogue\rogue\x64\release\map.nativecodeanalysis.xml
c:\users\zelda\source\repos\rouge-rogue\rogue\x64\release\map.obj
c:\users\zelda\source\repos\rouge-rogue\rogue\x64\release\engine.nativecodeanalysis.xml
c:\users\zelda\source\repos\rouge-rogue\rogue\x64\release\actor.nativecodeanalysis.xml
c:\users\zelda\source\repos\rouge-rogue\rogue\x64\release\actor.obj
c:\users\zelda\source\repos\rouge-rogue\rogue\x64\release\engine.obj
c:\users\zelda\projects\rogue\x64\release\rogue.exe
c:\users\zelda\projects\rogue\x64\release\rogue.pdb
c:\users\zelda\source\repos\rouge-rogue\x64\release\rogue.exe
c:\users\zelda\source\repos\rouge-rogue\x64\release\rogue.pdb
c:\users\zelda\projects\rogue\x64\release\rogue.ipdb
c:\users\zelda\projects\rogue\x64\release\rogue.iobj
c:\users\zelda\source\repos\rouge-rogue\x64\release\rogue.ipdb
c:\users\zelda\source\repos\rouge-rogue\x64\release\rogue.iobj
c:\users\zelda\source\repos\rouge-rogue\rogue\x64\release\nativecodeanalysis.read.1.tlog
c:\users\zelda\source\repos\rouge-rogue\rogue\x64\release\vc.nativecodeanalysis.all.xml
c:\users\zelda\source\repos\rouge-rogue\x64\release\rogue.exe.lastcodeanalysissucceeded
c:\users\zelda\source\repos\rouge-rogue\rogue\x64\release\rogue.tlog\cl.command.1.tlog
c:\users\zelda\source\repos\rouge-rogue\rogue\x64\release\rogue.tlog\cl.read.1.tlog
c:\users\zelda\source\repos\rouge-rogue\rogue\x64\release\rogue.tlog\cl.write.1.tlog
c:\users\zelda\source\repos\rouge-rogue\rogue\x64\release\rogue.tlog\link.command.1.tlog
c:\users\zelda\source\repos\rouge-rogue\rogue\x64\release\rogue.tlog\link.read.1.tlog
c:\users\zelda\source\repos\rouge-rogue\rogue\x64\release\rogue.tlog\link.write.1.tlog
c:\users\zelda\source\repos\rouge-rogue\rogue\x64\release\rogue.tlog\rogue.write.1u.tlog
